03/08/2017 05:53:38 PM - Util -  INFO : Actual Text From Application Web UI --> :: Expedia Travel: Vacations, Cheap Flights, Airline Tickets & Airfares
03/08/2017 05:53:38 PM - Util -  INFO : Expected Text From Application Web UI --> :: Expedia Travel: Vacations, Cheap Flights, Airline Tickets & Airfares
03/08/2017 05:53:38 PM - Util -  INFO : --- PASS - Expected Text MATCHES the Actual Text!
03/08/2017 05:53:38 PM - StatusTests -  INFO : --- VERIFICATION SUCCESSFUL :: Title Verification
03/08/2017 05:53:38 PM - NavigationPage -  INFO : Element found with locator: tab-flight-tab-hp and locator type: id
03/08/2017 05:53:38 PM - NavigationPage -  INFO : Clicked on the Element with Locator: tab-flight-tab-hp and Locator Type: id
03/08/2017 05:53:38 PM - NavigationPage -  INFO : Element found with locator: gcw-packages-form-hp-package and locator type: id
03/08/2017 05:53:38 PM - NavigationPage -  ERROR : EXCEPTION: Cannot click on the element with Locator: gcw-packages-form-hp-package and Locator Type: id
03/08/2017 05:53:38 PM - FlightRTBundle -  INFO : Element found with locator: flight-origin-hp-flight and locator type: id
03/08/2017 05:53:39 PM - FlightRTBundle -  INFO : Data sent to the Element with Locator: flight-origin-hp-flight and Locator Type: id
03/08/2017 05:53:39 PM - FlightRTBundle -  INFO : Element found with locator: flight-destination-hp-flight and locator type: id
03/08/2017 05:53:39 PM - FlightRTBundle -  INFO : Data sent to the Element with Locator: flight-destination-hp-flight and Locator Type: id
03/08/2017 05:53:39 PM - FlightRTBundle -  INFO : Element found with locator: flight-departing-hp-flight and locator type: id
03/08/2017 05:53:39 PM - FlightRTBundle -  INFO : Clicked on the Element with Locator: flight-departing-hp-flight and Locator Type: id
03/08/2017 05:53:41 PM - FlightRTBundle -  INFO : Element found with locator: //div[@id='flight-departing-wrapper-hp-flight']//span[@class='icon icon-pagenext'] and locator type: xpath
03/08/2017 05:53:41 PM - FlightRTBundle -  INFO : Clicked on the Element with Locator: //div[@id='flight-departing-wrapper-hp-flight']//span[@class='icon icon-pagenext'] and Locator Type: xpath
03/08/2017 05:53:43 PM - FlightRTBundle -  INFO : Element found with locator: //div[@class='datepicker-cal-month'][position()=1] and locator type: xpath
03/08/2017 05:53:48 PM - FlightRTBundle -  INFO : Element found with locator: flight-returning-hp-flight and locator type: id
03/08/2017 05:53:48 PM - FlightRTBundle -  INFO : Clicked on the Element with Locator: flight-returning-hp-flight and Locator Type: id
03/08/2017 05:53:51 PM - FlightRTBundle -  INFO : Element found with locator: //div[@class='datepicker-cal-month'][position()=2] and locator type: xpath
03/08/2017 05:53:52 PM - FlightRTBundle -  INFO : Element found with locator: flight-adults-hp-flight and locator type: id
03/08/2017 05:53:52 PM - FlightRTBundle -  INFO : Element found with locator: flight-children-hp-flight and locator type: id
03/08/2017 05:53:53 PM - FlightRTBundle -  INFO : Element found with locator: flight-advanced-options-hp-flight and locator type: id
03/08/2017 05:53:53 PM - FlightRTBundle -  INFO : Clicked on the Element with Locator: flight-advanced-options-hp-flight and Locator Type: id
03/08/2017 05:53:55 PM - FlightRTBundle -  INFO : Element found with locator: advanced-flight-nonstop-hp-flight and locator type: id
03/08/2017 05:53:55 PM - FlightRTBundle -  INFO : Clicked on the Element with Locator: advanced-flight-nonstop-hp-flight and Locator Type: id
03/08/2017 05:53:55 PM - FlightRTBundle -  INFO : Element found with locator: advanced-flight-refundable-hp-flight and locator type: id
03/08/2017 05:53:55 PM - FlightRTBundle -  INFO : Clicked on the Element with Locator: advanced-flight-refundable-hp-flight and Locator Type: id
03/08/2017 05:53:55 PM - FlightRTBundle -  INFO : Element found with locator: flight-advanced-preferred-airline-hp-flight and locator type: id
03/08/2017 05:53:55 PM - FlightRTBundle -  INFO : Element found with locator: flight-advanced-preferred-class-hp-flight and locator type: id
03/08/2017 05:53:55 PM - FlightRTBundle -  INFO : Element found with locator: flight-advanced-options-hp-flight and locator type: id
03/08/2017 05:53:55 PM - FlightRTBundle -  INFO : Element is displayed with locator: flight-advanced-options-hp-flight locatorType: id
03/08/2017 05:53:55 PM - StatusTests -  INFO : --- VERIFICATION SUCCESSFUL :: Add Options Link is displayed
03/08/2017 05:53:55 PM - FlightRTBundle -  INFO : Element found with locator: advanced-flight-nonstop-hp-flight and locator type: id
03/08/2017 05:53:55 PM - FlightRTBundle -  INFO : Element is displayed with locator: advanced-flight-nonstop-hp-flight locatorType: id
03/08/2017 05:53:55 PM - StatusTests -  INFO : --- VERIFICATION SUCCESSFUL :: NonStop Checkbox is displayed
03/08/2017 05:53:55 PM - FlightRTBundle -  INFO : Element found with locator: advanced-flight-refundable-hp-flight and locator type: id
03/08/2017 05:53:55 PM - FlightRTBundle -  INFO : Element is displayed with locator: advanced-flight-refundable-hp-flight locatorType: id
03/08/2017 05:53:55 PM - StatusTests -  INFO : --- VERIFICATION SUCCESSFUL :: Refund Flight checkbox is displayed
03/08/2017 05:53:55 PM - FlightRTBundle -  INFO : Element found with locator: flight-add-car-checkbox-hp-flight and locator type: id
03/08/2017 05:53:55 PM - FlightRTBundle -  INFO : Clicked on the Element with Locator: flight-add-car-checkbox-hp-flight and Locator Type: id
03/08/2017 05:53:55 PM - FlightRTBundle -  INFO : Element found with locator: flight-add-hotel-checkbox-hp-flight and locator type: id
03/08/2017 05:53:55 PM - FlightRTBundle -  INFO : Clicked on the Element with Locator: flight-add-hotel-checkbox-hp-flight and Locator Type: id
03/08/2017 05:53:56 PM - FlightRTBundle -  INFO : Element found with locator: flight-hotel-checkin-hp-flight and locator type: id
03/08/2017 05:53:56 PM - FlightRTBundle -  INFO : Clicked on the Element with Locator: flight-hotel-checkin-hp-flight and Locator Type: id
03/08/2017 05:53:58 PM - FlightRTBundle -  INFO : Element found with locator: //div[@id='flight-hotel-checkin-wrapper-hp-flight']//span[@class='icon icon-pagenext'] and locator type: xpath
03/08/2017 05:53:58 PM - FlightRTBundle -  INFO : Clicked on the Element with Locator: //div[@id='flight-hotel-checkin-wrapper-hp-flight']//span[@class='icon icon-pagenext'] and Locator Type: xpath
03/08/2017 05:54:00 PM - FlightRTBundle -  INFO : Element found with locator: //div[@class='datepicker-cal-month'][position()=1] and locator type: xpath
03/08/2017 05:54:03 PM - FlightRTBundle -  INFO : Element found with locator: flight-hotel-checkout-hp-flight and locator type: id
03/08/2017 05:54:03 PM - FlightRTBundle -  INFO : Clicked on the Element with Locator: flight-hotel-checkout-hp-flight and Locator Type: id
03/08/2017 05:54:06 PM - FlightRTBundle -  INFO : Element found with locator: //div[@class='datepicker-cal-month'][position()=2] and locator type: xpath
03/08/2017 05:54:07 PM - FlightRTBundle -  INFO : Element found with locator: flight-hotels-rooms-hp-flight and locator type: id
03/08/2017 05:54:07 PM - FlightRTBundle -  INFO : Element found with locator: flight-hotel-1-adults-hp-flight and locator type: id
03/08/2017 05:54:07 PM - FlightRTBundle -  INFO : Element found with locator: flight-hotel-1-children-hp-flight and locator type: id
03/08/2017 05:54:07 PM - FlightRTBundle -  INFO : Element found with locator: flight-add-hotel-checkbox-hp-flight and locator type: id
03/08/2017 05:54:07 PM - FlightRTBundle -  INFO : Element is Selected with locator: flight-add-hotel-checkbox-hp-flight and locator type: id
03/08/2017 05:54:07 PM - StatusTests -  INFO : --- VERIFICATION SUCCESSFUL :: Add Hotel Checkbox is Selected
03/08/2017 05:54:07 PM - FlightRTBundle -  INFO : Element found with locator: flight-add-car-checkbox-hp-flight and locator type: id
03/08/2017 05:54:07 PM - FlightRTBundle -  INFO : Element is Selected with locator: flight-add-car-checkbox-hp-flight and locator type: id
03/08/2017 05:54:07 PM - StatusTests -  INFO : --- VERIFICATION SUCCESSFUL :: Add Car Checkbox is selected --- PASSED 
03/08/2017 05:54:07 PM - StatusTests -  INFO : test_flightRoundTrip --- TEST PASSED
03/08/2017 05:54:07 PM - FlightRTBundle -  INFO : Element found with locator: //button[@id='search-button-hp-package']/span[@class='btn-label'] and locator type: xpath
03/08/2017 05:54:07 PM - FlightRTBundle -  ERROR : EXCEPTION: Cannot click on the element with Locator: //button[@id='search-button-hp-package']/span[@class='btn-label'] and Locator Type: xpath
03/08/2017 05:54:07 PM - FlightRTBundle -  INFO : Waiting for maximum :: 50 :: seconds for the element to appear
03/08/2017 05:54:30 PM - FlightRTBundle -  INFO : Element appeared on the page
03/08/2017 05:54:30 PM - FlightRTBundle -  INFO : Waiting for maximum :: 10 :: seconds for the element to appear
03/08/2017 05:54:31 PM - FlightRTBundle -  INFO : Element appeared on the page
03/08/2017 05:54:32 PM - FlightRTBundle -  INFO : Waiting for maximum :: 40 :: seconds for the element to appear
03/08/2017 05:54:34 PM - FlightRTBundle -  INFO : Element appeared on the page
03/08/2017 06:02:29 PM - Util -  INFO : Actual Text From Application Web UI --> :: Expedia Travel: Vacations, Cheap Flights, Airline Tickets & Airfares
03/08/2017 06:02:29 PM - Util -  INFO : Expected Text From Application Web UI --> :: Expedia Travel: Vacations, Cheap Flights, Airline Tickets & Airfares
03/08/2017 06:02:29 PM - Util -  INFO : --- PASS - Expected Text MATCHES the Actual Text!
03/08/2017 06:02:29 PM - StatusTests -  INFO : --- VERIFICATION SUCCESSFUL :: Title Verification
03/08/2017 06:02:30 PM - NavigationPage -  INFO : Element found with locator: tab-flight-tab-hp and locator type: id
03/08/2017 06:02:30 PM - NavigationPage -  INFO : Clicked on the Element with Locator: tab-flight-tab-hp and Locator Type: id
03/08/2017 06:02:30 PM - NavigationPage -  INFO : Element found with locator: gcw-packages-form-hp-package and locator type: id
03/08/2017 06:02:30 PM - NavigationPage -  ERROR : EXCEPTION: Cannot click on the element with Locator: gcw-packages-form-hp-package and Locator Type: id
03/08/2017 06:02:31 PM - FlightRTBundle -  INFO : Element found with locator: flight-origin-hp-flight and locator type: id
03/08/2017 06:02:31 PM - FlightRTBundle -  INFO : Data sent to the Element with Locator: flight-origin-hp-flight and Locator Type: id
03/08/2017 06:02:31 PM - FlightRTBundle -  INFO : Element found with locator: flight-destination-hp-flight and locator type: id
03/08/2017 06:02:31 PM - FlightRTBundle -  INFO : Data sent to the Element with Locator: flight-destination-hp-flight and Locator Type: id
03/08/2017 06:02:31 PM - FlightRTBundle -  INFO : Element found with locator: flight-departing-hp-flight and locator type: id
03/08/2017 06:02:32 PM - FlightRTBundle -  INFO : Clicked on the Element with Locator: flight-departing-hp-flight and Locator Type: id
03/08/2017 06:02:34 PM - FlightRTBundle -  INFO : Element found with locator: //div[@id='flight-departing-wrapper-hp-flight']//span[@class='icon icon-pagenext'] and locator type: xpath
03/08/2017 06:02:34 PM - FlightRTBundle -  INFO : Clicked on the Element with Locator: //div[@id='flight-departing-wrapper-hp-flight']//span[@class='icon icon-pagenext'] and Locator Type: xpath
03/08/2017 06:02:36 PM - FlightRTBundle -  INFO : Element found with locator: //div[@class='datepicker-cal-month'][position()=1] and locator type: xpath
03/08/2017 06:02:41 PM - FlightRTBundle -  INFO : Element found with locator: flight-returning-hp-flight and locator type: id
03/08/2017 06:02:41 PM - FlightRTBundle -  INFO : Clicked on the Element with Locator: flight-returning-hp-flight and Locator Type: id
03/08/2017 06:02:44 PM - FlightRTBundle -  INFO : Element found with locator: //div[@class='datepicker-cal-month'][position()=2] and locator type: xpath
03/08/2017 06:02:45 PM - FlightRTBundle -  INFO : Element found with locator: flight-adults-hp-flight and locator type: id
03/08/2017 06:02:45 PM - FlightRTBundle -  INFO : Element found with locator: flight-children-hp-flight and locator type: id
03/08/2017 06:02:45 PM - FlightRTBundle -  INFO : Element found with locator: flight-advanced-options-hp-flight and locator type: id
03/08/2017 06:02:45 PM - FlightRTBundle -  INFO : Clicked on the Element with Locator: flight-advanced-options-hp-flight and Locator Type: id
03/08/2017 06:02:47 PM - FlightRTBundle -  INFO : Element found with locator: advanced-flight-nonstop-hp-flight and locator type: id
03/08/2017 06:02:48 PM - FlightRTBundle -  INFO : Clicked on the Element with Locator: advanced-flight-nonstop-hp-flight and Locator Type: id
03/08/2017 06:02:48 PM - FlightRTBundle -  INFO : Element found with locator: advanced-flight-refundable-hp-flight and locator type: id
03/08/2017 06:02:48 PM - FlightRTBundle -  INFO : Clicked on the Element with Locator: advanced-flight-refundable-hp-flight and Locator Type: id
03/08/2017 06:02:48 PM - FlightRTBundle -  INFO : Element found with locator: flight-advanced-preferred-airline-hp-flight and locator type: id
03/08/2017 06:02:48 PM - FlightRTBundle -  INFO : Element found with locator: flight-advanced-preferred-class-hp-flight and locator type: id
03/08/2017 06:02:48 PM - FlightRTBundle -  INFO : Element found with locator: flight-advanced-options-hp-flight and locator type: id
03/08/2017 06:02:48 PM - FlightRTBundle -  INFO : Element is displayed with locator: flight-advanced-options-hp-flight locatorType: id
03/08/2017 06:02:48 PM - StatusTests -  INFO : --- VERIFICATION SUCCESSFUL :: Add Options Link is displayed
03/08/2017 06:02:48 PM - FlightRTBundle -  INFO : Element found with locator: advanced-flight-nonstop-hp-flight and locator type: id
03/08/2017 06:02:48 PM - FlightRTBundle -  INFO : Element is displayed with locator: advanced-flight-nonstop-hp-flight locatorType: id
03/08/2017 06:02:48 PM - StatusTests -  INFO : --- VERIFICATION SUCCESSFUL :: NonStop Checkbox is displayed
03/08/2017 06:02:48 PM - FlightRTBundle -  INFO : Element found with locator: advanced-flight-refundable-hp-flight and locator type: id
03/08/2017 06:02:48 PM - FlightRTBundle -  INFO : Element is displayed with locator: advanced-flight-refundable-hp-flight locatorType: id
03/08/2017 06:02:48 PM - StatusTests -  INFO : --- VERIFICATION SUCCESSFUL :: Refund Flight checkbox is displayed
03/08/2017 06:02:48 PM - FlightRTBundle -  INFO : Element found with locator: flight-add-car-checkbox-hp-flight and locator type: id
03/08/2017 06:02:48 PM - FlightRTBundle -  INFO : Clicked on the Element with Locator: flight-add-car-checkbox-hp-flight and Locator Type: id
03/08/2017 06:02:48 PM - FlightRTBundle -  INFO : Element found with locator: flight-add-hotel-checkbox-hp-flight and locator type: id
03/08/2017 06:02:49 PM - FlightRTBundle -  INFO : Clicked on the Element with Locator: flight-add-hotel-checkbox-hp-flight and Locator Type: id
03/08/2017 06:02:49 PM - FlightRTBundle -  INFO : Element found with locator: flight-hotel-checkin-hp-flight and locator type: id
03/08/2017 06:02:49 PM - FlightRTBundle -  INFO : Clicked on the Element with Locator: flight-hotel-checkin-hp-flight and Locator Type: id
03/08/2017 06:02:51 PM - FlightRTBundle -  INFO : Element found with locator: //div[@id='flight-hotel-checkin-wrapper-hp-flight']//span[@class='icon icon-pagenext'] and locator type: xpath
03/08/2017 06:02:51 PM - FlightRTBundle -  INFO : Clicked on the Element with Locator: //div[@id='flight-hotel-checkin-wrapper-hp-flight']//span[@class='icon icon-pagenext'] and Locator Type: xpath
03/08/2017 06:02:53 PM - FlightRTBundle -  INFO : Element found with locator: //div[@class='datepicker-cal-month'][position()=1] and locator type: xpath
03/08/2017 06:02:57 PM - FlightRTBundle -  INFO : Element found with locator: flight-hotel-checkout-hp-flight and locator type: id
03/08/2017 06:02:57 PM - FlightRTBundle -  INFO : Clicked on the Element with Locator: flight-hotel-checkout-hp-flight and Locator Type: id
03/08/2017 06:03:00 PM - FlightRTBundle -  INFO : Element found with locator: //div[@class='datepicker-cal-month'][position()=2] and locator type: xpath
03/08/2017 06:03:00 PM - FlightRTBundle -  INFO : Element found with locator: flight-hotels-rooms-hp-flight and locator type: id
03/08/2017 06:03:01 PM - FlightRTBundle -  INFO : Element found with locator: flight-hotel-1-adults-hp-flight and locator type: id
03/08/2017 06:03:01 PM - FlightRTBundle -  INFO : Element found with locator: flight-hotel-1-children-hp-flight and locator type: id
03/08/2017 06:03:01 PM - FlightRTBundle -  INFO : Element found with locator: flight-add-hotel-checkbox-hp-flight and locator type: id
03/08/2017 06:03:01 PM - FlightRTBundle -  INFO : Element is Selected with locator: flight-add-hotel-checkbox-hp-flight and locator type: id
03/08/2017 06:03:01 PM - StatusTests -  INFO : --- VERIFICATION SUCCESSFUL :: Add Hotel Checkbox is Selected
03/08/2017 06:03:01 PM - FlightRTBundle -  INFO : Element found with locator: flight-add-car-checkbox-hp-flight and locator type: id
03/08/2017 06:03:01 PM - FlightRTBundle -  INFO : Element is Selected with locator: flight-add-car-checkbox-hp-flight and locator type: id
03/08/2017 06:03:01 PM - StatusTests -  INFO : --- VERIFICATION SUCCESSFUL :: Add Car Checkbox is selected --- PASSED 
03/08/2017 06:03:01 PM - StatusTests -  INFO : test_flightRoundTrip --- TEST PASSED
03/08/2017 06:03:01 PM - FlightRTBundle -  INFO : Element found with locator: #search-button-hp-package and locator type: css
03/08/2017 06:03:01 PM - FlightRTBundle -  ERROR : EXCEPTION: Cannot click on the element with Locator: #search-button-hp-package and Locator Type: css
03/08/2017 06:03:01 PM - FlightRTBundle -  INFO : Waiting for maximum :: 50 :: seconds for the element to appear
03/08/2017 06:03:54 PM - FlightRTBundle -  ERROR : EXCEPTION: Element did not appear until the WAIT timeout
03/08/2017 06:03:54 PM - FlightRTBundle -  INFO : Waiting for maximum :: 10 :: seconds for the element to appear
03/08/2017 06:04:05 PM - FlightRTBundle -  ERROR : EXCEPTION: Element did not appear until the WAIT timeout
